<?xml version="1.0" encoding="UTF-8"?>
<coverage generated="1748670357509" clover="3.2.0">
  <project timestamp="1748670357510" name="All files">
    <metrics statements="250" coveredstatements="197" conditionals="133" coveredconditionals="69" methods="54" coveredmethods="40" elements="437" coveredelements="306" complexity="0" loc="250" ncloc="250" packages="1" files="4" classes="4"/>
    <file name="behavior-engine.js" path="/app/src/behavior-engine.js">
      <metrics statements="16" coveredstatements="16" conditionals="2" coveredconditionals="2" methods="2" coveredmethods="2"/>
      <line num="1" count="1" type="stmt"/>
      <line num="5" count="6" type="stmt"/>
      <line num="6" count="6" type="stmt"/>
      <line num="12" count="6" type="stmt"/>
      <line num="22" count="302" type="stmt"/>
      <line num="23" count="302" type="cond" truecount="2" falsecount="0"/>
      <line num="24" count="1" type="stmt"/>
      <line num="25" count="1" type="stmt"/>
      <line num="28" count="301" type="stmt"/>
      <line num="30" count="301" type="stmt"/>
      <line num="31" count="301" type="stmt"/>
      <line num="34" count="301" type="stmt"/>
      <line num="35" count="301" type="stmt"/>
      <line num="37" count="301" type="stmt"/>
      <line num="38" count="301" type="stmt"/>
      <line num="42" count="1" type="stmt"/>
    </file>
    <file name="logger.js" path="/app/src/logger.js">
      <metrics statements="32" coveredstatements="4" conditionals="32" coveredconditionals="0" methods="12" coveredmethods="0"/>
      <line num="1" count="3" type="stmt"/>
      <line num="2" count="3" type="stmt"/>
      <line num="3" count="3" type="stmt"/>
      <line num="7" count="0" type="stmt"/>
      <line num="8" count="0" type="stmt"/>
      <line num="13" count="0" type="stmt"/>
      <line num="14" count="0" type="cond" truecount="0" falsecount="2"/>
      <line num="15" count="0" type="stmt"/>
      <line num="19" count="0" type="stmt"/>
      <line num="25" count="0" type="stmt"/>
      <line num="26" count="0" type="cond" truecount="0" falsecount="2"/>
      <line num="27" count="0" type="stmt"/>
      <line num="32" count="0" type="stmt"/>
      <line num="68" count="0" type="stmt"/>
      <line num="72" count="0" type="cond" truecount="0" falsecount="2"/>
      <line num="73" count="0" type="stmt"/>
      <line num="75" count="0" type="stmt"/>
      <line num="80" count="0" type="stmt"/>
      <line num="84" count="0" type="stmt"/>
      <line num="89" count="0" type="stmt"/>
      <line num="100" count="0" type="cond" truecount="0" falsecount="2"/>
      <line num="101" count="0" type="stmt"/>
      <line num="103" count="0" type="stmt"/>
      <line num="109" count="0" type="stmt"/>
      <line num="110" count="0" type="cond" truecount="0" falsecount="2"/>
      <line num="111" count="0" type="stmt"/>
      <line num="116" count="0" type="cond" truecount="0" falsecount="2"/>
      <line num="117" count="0" type="cond" truecount="0" falsecount="2"/>
      <line num="118" count="0" type="stmt"/>
      <line num="120" count="0" type="stmt"/>
      <line num="126" count="0" type="stmt"/>
      <line num="130" count="3" type="stmt"/>
    </file>
    <file name="scheduler.js" path="/app/src/scheduler.js">
      <metrics statements="62" coveredstatements="59" conditionals="32" coveredconditionals="30" methods="11" coveredmethods="11"/>
      <line num="1" count="1" type="stmt"/>
      <line num="2" count="1" type="stmt"/>
      <line num="6" count="16" type="stmt"/>
      <line num="7" count="16" type="stmt"/>
      <line num="8" count="16" type="stmt"/>
      <line num="9" count="16" type="stmt"/>
      <line num="10" count="16" type="stmt"/>
      <line num="11" count="16" type="stmt"/>
      <line num="15" count="16" type="stmt"/>
      <line num="20" count="16" type="stmt"/>
      <line num="28" count="14" type="cond" truecount="5" falsecount="0"/>
      <line num="29" count="13" type="stmt"/>
      <line num="31" count="1" type="stmt"/>
      <line num="32" count="1" type="stmt"/>
      <line num="34" count="14" type="stmt"/>
      <line num="37" count="14" type="stmt"/>
      <line num="38" count="14" type="stmt"/>
      <line num="39" count="14" type="cond" truecount="5" falsecount="0"/>
      <line num="40" count="1" type="stmt"/>
      <line num="44" count="1" type="stmt"/>
      <line num="46" count="13" type="stmt"/>
      <line num="47" count="13" type="stmt"/>
      <line num="50" count="0" type="stmt"/>
      <line num="51" count="0" type="stmt"/>
      <line num="56" count="3" type="cond" truecount="4" falsecount="0"/>
      <line num="57" count="1" type="stmt"/>
      <line num="58" count="1" type="stmt"/>
      <line num="60" count="2" type="stmt"/>
      <line num="62" count="2" type="stmt"/>
      <line num="63" count="6" type="stmt"/>
      <line num="65" count="6" type="stmt"/>
      <line num="66" count="1" type="stmt"/>
      <line num="67" count="1" type="stmt"/>
      <line num="75" count="6" type="cond" truecount="1" falsecount="1"/>
      <line num="76" count="6" type="stmt"/>
      <line num="87" count="2" type="stmt"/>
      <line num="88" count="2" type="stmt"/>
      <line num="92" count="10" type="stmt"/>
      <line num="93" count="10" type="stmt"/>
      <line num="95" count="10" type="cond" truecount="2" falsecount="0"/>
      <line num="96" count="10" type="stmt"/>
      <line num="98" count="10" type="stmt"/>
      <line num="100" count="10" type="cond" truecount="2" falsecount="0"/>
      <line num="101" count="8" type="stmt"/>
      <line num="102" count="8" type="stmt"/>
      <line num="103" count="2" type="cond" truecount="2" falsecount="0"/>
      <line num="104" count="1" type="stmt"/>
      <line num="105" count="1" type="stmt"/>
      <line num="107" count="1" type="stmt"/>
      <line num="112" count="6" type="stmt"/>
      <line num="113" count="6" type="stmt"/>
      <line num="114" count="6" type="stmt"/>
      <line num="119" count="6" type="cond" truecount="4" falsecount="0"/>
      <line num="120" count="1" type="stmt"/>
      <line num="123" count="5" type="cond" truecount="4" falsecount="0"/>
      <line num="124" count="2" type="stmt"/>
      <line num="128" count="12" type="stmt"/>
      <line num="131" count="6" type="cond" truecount="1" falsecount="1"/>
      <line num="132" count="6" type="stmt"/>
      <line num="133" count="6" type="stmt"/>
      <line num="136" count="0" type="stmt"/>
      <line num="163" count="1" type="stmt"/>
    </file>
    <file name="session-manager.js" path="/app/src/session-manager.js">
      <metrics statements="140" coveredstatements="118" conditionals="67" coveredconditionals="37" methods="29" coveredmethods="27"/>
      <line num="1" count="1" type="stmt"/>
      <line num="2" count="1" type="stmt"/>
      <line num="3" count="1" type="stmt"/>
      <line num="7" count="16" type="stmt"/>
      <line num="8" count="16" type="stmt"/>
      <line num="9" count="16" type="stmt"/>
      <line num="10" count="16" type="stmt"/>
      <line num="13" count="16" type="cond" truecount="2" falsecount="0"/>
      <line num="14" count="1" type="stmt"/>
      <line num="20" count="6" type="stmt"/>
      <line num="25" count="6" type="stmt"/>
      <line num="26" count="6" type="stmt"/>
      <line num="41" count="6" type="stmt"/>
      <line num="42" count="6" type="stmt"/>
      <line num="44" count="6" type="stmt"/>
      <line num="45" count="6" type="stmt"/>
      <line num="50" count="3" type="stmt"/>
      <line num="51" count="3" type="cond" truecount="1" falsecount="1"/>
      <line num="52" count="3" type="stmt"/>
      <line num="53" count="3" type="stmt"/>
      <line num="54" count="3" type="stmt"/>
      <line num="57" count="3" type="stmt"/>
      <line num="59" count="3" type="stmt"/>
      <line num="60" count="3" type="stmt"/>
      <line num="62" count="3" type="stmt"/>
      <line num="63" count="3" type="cond" truecount="1" falsecount="1"/>
      <line num="64" count="3" type="stmt"/>
      <line num="66" count="3" type="stmt"/>
      <line num="72" count="0" type="stmt"/>
      <line num="73" count="0" type="cond" truecount="0" falsecount="4"/>
      <line num="74" count="0" type="cond" truecount="0" falsecount="2"/>
      <line num="75" count="0" type="stmt"/>
      <line num="77" count="0" type="stmt"/>
      <line num="80" count="0" type="stmt"/>
      <line num="81" count="0" type="stmt"/>
      <line num="83" count="0" type="stmt"/>
      <line num="89" count="2" type="stmt"/>
      <line num="90" count="2" type="cond" truecount="2" falsecount="0"/>
      <line num="91" count="1" type="stmt"/>
      <line num="92" count="1" type="stmt"/>
      <line num="96" count="1" type="stmt"/>
      <line num="97" count="1" type="stmt"/>
      <line num="99" count="1" type="stmt"/>
      <line num="105" count="2" type="stmt"/>
      <line num="106" count="2" type="cond" truecount="1" falsecount="1"/>
      <line num="107" count="2" type="cond" truecount="1" falsecount="1"/>
      <line num="108" count="0" type="stmt"/>
      <line num="110" count="2" type="cond" truecount="1" falsecount="1"/>
      <line num="111" count="0" type="stmt"/>
      <line num="114" count="2" type="stmt"/>
      <line num="120" count="2" type="stmt"/>
      <line num="122" count="2" type="cond" truecount="1" falsecount="1"/>
      <line num="124" count="2" type="cond" truecount="2" falsecount="0"/>
      <line num="125" count="1" type="stmt"/>
      <line num="126" count="1" type="cond" truecount="1" falsecount="1"/>
      <line num="129" count="2" type="stmt"/>
      <line num="130" count="2" type="stmt"/>
      <line num="132" count="0" type="cond" truecount="0" falsecount="2"/>
      <line num="138" count="6" type="stmt"/>
      <line num="143" count="0" type="stmt"/>
      <line num="148" count="13" type="stmt"/>
      <line num="149" count="13" type="stmt"/>
      <line num="150" count="13" type="stmt"/>
      <line num="152" count="0" type="stmt"/>
      <line num="158" count="3" type="stmt"/>
      <line num="159" count="3" type="stmt"/>
      <line num="160" count="3" type="cond" truecount="1" falsecount="1"/>
      <line num="161" count="3" type="stmt"/>
      <line num="162" count="3" type="stmt"/>
      <line num="165" count="0" type="stmt"/>
      <line num="167" count="0" type="stmt"/>
      <line num="172" count="1" type="stmt"/>
      <line num="173" count="1" type="stmt"/>
      <line num="174" count="1" type="stmt"/>
      <line num="175" count="1" type="stmt"/>
      <line num="177" count="0" type="stmt"/>
      <line num="183" count="2" type="stmt"/>
      <line num="184" count="2" type="stmt"/>
      <line num="185" count="2" type="cond" truecount="2" falsecount="0"/>
      <line num="186" count="1" type="stmt"/>
      <line num="187" count="1" type="stmt"/>
      <line num="188" count="1" type="stmt"/>
      <line num="189" count="1" type="stmt"/>
      <line num="192" count="0" type="stmt"/>
      <line num="194" count="1" type="stmt"/>
      <line num="199" count="1" type="stmt"/>
      <line num="200" count="1" type="cond" truecount="1" falsecount="1"/>
      <line num="201" count="1" type="stmt"/>
      <line num="203" count="1" type="stmt"/>
      <line num="204" count="1" type="cond" truecount="1" falsecount="1"/>
      <line num="205" count="1" type="stmt"/>
      <line num="207" count="0" type="stmt"/>
      <line num="208" count="0" type="stmt"/>
      <line num="212" count="1" type="stmt"/>
      <line num="215" count="1" type="stmt"/>
      <line num="218" count="1" type="stmt"/>
      <line num="221" count="1" type="stmt"/>
      <line num="222" count="1" type="cond" truecount="1" falsecount="1"/>
      <line num="223" count="1" type="stmt"/>
      <line num="225" count="0" type="stmt"/>
      <line num="228" count="1" type="stmt"/>
      <line num="230" count="0" type="stmt"/>
      <line num="241" count="4" type="cond" truecount="2" falsecount="0"/>
      <line num="242" count="1" type="stmt"/>
      <line num="244" count="1" type="stmt"/>
      <line num="245" count="3" type="stmt"/>
      <line num="246" count="3" type="stmt"/>
      <line num="247" count="3" type="cond" truecount="1" falsecount="1"/>
      <line num="248" count="3" type="stmt"/>
      <line num="253" count="1" type="stmt"/>
      <line num="254" count="4" type="stmt"/>
      <line num="255" count="2" type="cond" truecount="2" falsecount="0"/>
      <line num="256" count="1" type="stmt"/>
      <line num="258" count="1" type="stmt"/>
      <line num="263" count="1" type="stmt"/>
      <line num="265" count="4" type="stmt"/>
      <line num="266" count="4" type="stmt"/>
      <line num="267" count="4" type="stmt"/>
      <line num="268" count="4" type="stmt"/>
      <line num="269" count="4" type="stmt"/>
      <line num="270" count="4" type="stmt"/>
      <line num="271" count="4" type="stmt"/>
      <line num="280" count="1" type="stmt"/>
      <line num="282" count="1" type="stmt"/>
      <line num="283" count="4" type="cond" truecount="1" falsecount="1"/>
      <line num="284" count="4" type="cond" truecount="2" falsecount="0"/>
      <line num="285" count="4" type="cond" truecount="2" falsecount="0"/>
      <line num="286" count="4" type="cond" truecount="2" falsecount="0"/>
      <line num="290" count="1" type="stmt"/>
      <line num="295" count="1" type="stmt"/>
      <line num="296" count="1" type="stmt"/>
      <line num="297" count="1" type="stmt"/>
      <line num="299" count="1" type="stmt"/>
      <line num="300" count="3" type="stmt"/>
      <line num="301" count="3" type="stmt"/>
      <line num="303" count="3" type="cond" truecount="2" falsecount="0"/>
      <line num="304" count="2" type="stmt"/>
      <line num="305" count="2" type="stmt"/>
      <line num="309" count="0" type="stmt"/>
      <line num="314" count="1" type="stmt"/>
    </file>
  </project>
</coverage>
