TN:
SF:src/behavior-engine.js
FN:4,(anonymous_0)
FN:21,(anonymous_1)
FNF:2
FNH:2
FNDA:6,(anonymous_0)
FNDA:302,(anonymous_1)
DA:1,1
DA:5,6
DA:6,6
DA:12,6
DA:22,302
DA:23,302
DA:24,1
DA:25,1
DA:28,301
DA:30,301
DA:31,301
DA:34,301
DA:35,301
DA:37,301
DA:38,301
DA:42,1
LF:16
LH:16
BRDA:23,0,0,1
BRDA:23,0,1,301
BRF:2
BRH:2
end_of_record
TN:
SF:src/logger.js
FN:6,(anonymous_0)
FN:11,(anonymous_1)
FN:24,(anonymous_2)
FN:67,(anonymous_3)
FN:71,(anonymous_4)
FN:79,(anonymous_5)
FN:83,(anonymous_6)
FN:88,(anonymous_7)
FN:99,(anonymous_8)
FN:108,(anonymous_9)
FN:115,(anonymous_10)
FN:125,(anonymous_11)
FNF:12
FNH:0
FNDA:0,(anonymous_0)
FNDA:0,(anonymous_1)
FNDA:0,(anonymous_2)
FNDA:0,(anonymous_3)
FNDA:0,(anonymous_4)
FNDA:0,(anonymous_5)
FNDA:0,(anonymous_6)
FNDA:0,(anonymous_7)
FNDA:0,(anonymous_8)
FNDA:0,(anonymous_9)
FNDA:0,(anonymous_10)
FNDA:0,(anonymous_11)
DA:1,3
DA:2,3
DA:3,3
DA:7,0
DA:8,0
DA:13,0
DA:14,0
DA:15,0
DA:19,0
DA:25,0
DA:26,0
DA:27,0
DA:32,0
DA:68,0
DA:72,0
DA:73,0
DA:75,0
DA:80,0
DA:84,0
DA:89,0
DA:100,0
DA:101,0
DA:103,0
DA:109,0
DA:110,0
DA:111,0
DA:116,0
DA:117,0
DA:118,0
DA:120,0
DA:126,0
DA:130,3
LF:32
LH:4
BRDA:6,0,0,0
BRDA:14,1,0,0
BRDA:14,1,1,0
BRDA:26,2,0,0
BRDA:26,2,1,0
BRDA:67,3,0,0
BRDA:71,4,0,0
BRDA:72,5,0,0
BRDA:72,5,1,0
BRDA:79,6,0,0
BRDA:83,7,0,0
BRDA:90,8,0,0
BRDA:90,8,1,0
BRDA:91,9,0,0
BRDA:91,9,1,0
BRDA:92,10,0,0
BRDA:92,10,1,0
BRDA:93,11,0,0
BRDA:93,11,1,0
BRDA:94,12,0,0
BRDA:94,12,1,0
BRDA:99,13,0,0
BRDA:100,14,0,0
BRDA:100,14,1,0
BRDA:108,15,0,0
BRDA:110,16,0,0
BRDA:110,16,1,0
BRDA:116,17,0,0
BRDA:116,17,1,0
BRDA:117,18,0,0
BRDA:117,18,1,0
BRDA:125,19,0,0
BRF:32
BRH:0
end_of_record
TN:
SF:src/scheduler.js
FN:5,(anonymous_0)
FN:23,(anonymous_1)
FN:40,(anonymous_2)
FN:55,(anonymous_3)
FN:62,(anonymous_4)
FN:65,(anonymous_5)
FN:91,(anonymous_6)
FN:111,(anonymous_7)
FN:120,(anonymous_8)
FN:124,(anonymous_9)
FN:128,(anonymous_10)
FNF:11
FNH:11
FNDA:16,(anonymous_0)
FNDA:14,(anonymous_1)
FNDA:1,(anonymous_2)
FNDA:3,(anonymous_3)
FNDA:6,(anonymous_4)
FNDA:1,(anonymous_5)
FNDA:10,(anonymous_6)
FNDA:6,(anonymous_7)
FNDA:1,(anonymous_8)
FNDA:2,(anonymous_9)
FNDA:12,(anonymous_10)
DA:1,1
DA:2,1
DA:6,16
DA:7,16
DA:8,16
DA:9,16
DA:10,16
DA:11,16
DA:15,16
DA:20,16
DA:28,14
DA:29,13
DA:31,1
DA:32,1
DA:34,14
DA:37,14
DA:38,14
DA:39,14
DA:40,1
DA:44,1
DA:46,13
DA:47,13
DA:50,0
DA:51,0
DA:56,3
DA:57,1
DA:58,1
DA:60,2
DA:62,2
DA:63,6
DA:65,6
DA:66,1
DA:67,1
DA:75,6
DA:76,6
DA:87,2
DA:88,2
DA:92,10
DA:93,10
DA:95,10
DA:96,10
DA:98,10
DA:100,10
DA:101,8
DA:102,8
DA:103,2
DA:104,1
DA:105,1
DA:107,1
DA:112,6
DA:113,6
DA:114,6
DA:119,6
DA:120,1
DA:123,5
DA:124,2
DA:128,12
DA:131,6
DA:132,6
DA:133,6
DA:136,0
DA:163,1
LF:62
LH:59
BRDA:28,0,0,13
BRDA:28,0,1,1
BRDA:28,1,0,14
BRDA:28,1,1,14
BRDA:28,1,2,14
BRDA:39,2,0,1
BRDA:39,2,1,13
BRDA:39,3,0,14
BRDA:39,3,1,1
BRDA:39,3,2,1
BRDA:56,4,0,1
BRDA:56,4,1,2
BRDA:56,5,0,3
BRDA:56,5,1,3
BRDA:75,6,0,6
BRDA:75,6,1,0
BRDA:95,7,0,10
BRDA:95,7,1,7
BRDA:100,8,0,8
BRDA:100,8,1,2
BRDA:103,9,0,1
BRDA:103,9,1,1
BRDA:119,10,0,1
BRDA:119,10,1,5
BRDA:119,11,0,6
BRDA:119,11,1,3
BRDA:123,12,0,1
BRDA:123,12,1,4
BRDA:123,13,0,5
BRDA:123,13,1,2
BRDA:131,14,0,6
BRDA:131,14,1,0
BRF:32
BRH:30
end_of_record
TN:
SF:src/session-manager.js
FN:6,(anonymous_0)
FN:19,(anonymous_1)
FN:24,(anonymous_2)
FN:49,(anonymous_3)
FN:71,(anonymous_4)
FN:88,(anonymous_5)
FN:104,(anonymous_6)
FN:137,(anonymous_7)
FN:142,(anonymous_8)
FN:147,(anonymous_9)
FN:157,(anonymous_10)
FN:171,(anonymous_11)
FN:182,(anonymous_12)
FN:198,(anonymous_13)
FN:235,(anonymous_14)
FN:241,(anonymous_15)
FN:244,(anonymous_16)
FN:253,(anonymous_17)
FN:254,(anonymous_18)
FN:265,(anonymous_19)
FN:266,(anonymous_20)
FN:267,(anonymous_21)
FN:268,(anonymous_22)
FN:269,(anonymous_23)
FN:270,(anonymous_24)
FN:271,(anonymous_25)
FN:282,(anonymous_26)
FN:294,(anonymous_27)
FN:299,(anonymous_28)
FNF:29
FNH:27
FNDA:16,(anonymous_0)
FNDA:6,(anonymous_1)
FNDA:6,(anonymous_2)
FNDA:3,(anonymous_3)
FNDA:0,(anonymous_4)
FNDA:2,(anonymous_5)
FNDA:2,(anonymous_6)
FNDA:6,(anonymous_7)
FNDA:0,(anonymous_8)
FNDA:13,(anonymous_9)
FNDA:3,(anonymous_10)
FNDA:1,(anonymous_11)
FNDA:2,(anonymous_12)
FNDA:1,(anonymous_13)
FNDA:1,(anonymous_14)
FNDA:4,(anonymous_15)
FNDA:3,(anonymous_16)
FNDA:2,(anonymous_17)
FNDA:4,(anonymous_18)
FNDA:4,(anonymous_19)
FNDA:4,(anonymous_20)
FNDA:4,(anonymous_21)
FNDA:4,(anonymous_22)
FNDA:4,(anonymous_23)
FNDA:4,(anonymous_24)
FNDA:4,(anonymous_25)
FNDA:4,(anonymous_26)
FNDA:1,(anonymous_27)
FNDA:3,(anonymous_28)
DA:1,1
DA:2,1
DA:3,1
DA:7,16
DA:8,16
DA:9,16
DA:10,16
DA:13,16
DA:14,1
DA:20,6
DA:25,6
DA:26,6
DA:41,6
DA:42,6
DA:44,6
DA:45,6
DA:50,3
DA:51,3
DA:52,3
DA:53,3
DA:54,3
DA:57,3
DA:59,3
DA:60,3
DA:62,3
DA:63,3
DA:64,3
DA:66,3
DA:72,0
DA:73,0
DA:74,0
DA:75,0
DA:77,0
DA:80,0
DA:81,0
DA:83,0
DA:89,2
DA:90,2
DA:91,1
DA:92,1
DA:96,1
DA:97,1
DA:99,1
DA:105,2
DA:106,2
DA:107,2
DA:108,0
DA:110,2
DA:111,0
DA:114,2
DA:120,2
DA:122,2
DA:124,2
DA:125,1
DA:126,1
DA:129,2
DA:130,2
DA:132,0
DA:138,6
DA:143,0
DA:148,13
DA:149,13
DA:150,13
DA:152,0
DA:158,3
DA:159,3
DA:160,3
DA:161,3
DA:162,3
DA:165,0
DA:167,0
DA:172,1
DA:173,1
DA:174,1
DA:175,1
DA:177,0
DA:183,2
DA:184,2
DA:185,2
DA:186,1
DA:187,1
DA:188,1
DA:189,1
DA:192,0
DA:194,1
DA:199,1
DA:200,1
DA:201,1
DA:203,1
DA:204,1
DA:205,1
DA:207,0
DA:208,0
DA:212,1
DA:215,1
DA:218,1
DA:221,1
DA:222,1
DA:223,1
DA:225,0
DA:228,1
DA:230,0
DA:241,4
DA:242,1
DA:244,1
DA:245,3
DA:246,3
DA:247,3
DA:248,3
DA:253,1
DA:254,4
DA:255,2
DA:256,1
DA:258,1
DA:263,1
DA:265,4
DA:266,4
DA:267,4
DA:268,4
DA:269,4
DA:270,4
DA:271,4
DA:280,1
DA:282,1
DA:283,4
DA:284,4
DA:285,4
DA:286,4
DA:290,1
DA:295,1
DA:296,1
DA:297,1
DA:299,1
DA:300,3
DA:301,3
DA:303,3
DA:304,2
DA:305,2
DA:309,0
DA:314,1
LF:140
LH:118
BRDA:13,0,0,1
BRDA:13,0,1,15
BRDA:24,1,0,5
BRDA:49,2,0,0
BRDA:49,3,0,2
BRDA:51,4,0,3
BRDA:51,4,1,0
BRDA:63,5,0,3
BRDA:63,5,1,0
BRDA:71,6,0,0
BRDA:73,7,0,0
BRDA:73,7,1,0
BRDA:73,8,0,0
BRDA:73,8,1,0
BRDA:74,9,0,0
BRDA:74,9,1,0
BRDA:90,10,0,1
BRDA:90,10,1,1
BRDA:104,11,0,0
BRDA:104,12,0,0
BRDA:106,13,0,2
BRDA:106,13,1,0
BRDA:107,14,0,0
BRDA:107,14,1,2
BRDA:110,15,0,0
BRDA:110,15,1,2
BRDA:116,16,0,2
BRDA:116,16,1,0
BRDA:117,17,0,2
BRDA:117,17,1,0
BRDA:122,18,0,2
BRDA:122,18,1,0
BRDA:124,19,0,1
BRDA:124,19,1,1
BRDA:126,20,0,1
BRDA:126,20,1,0
BRDA:132,21,0,0
BRDA:132,21,1,0
BRDA:160,22,0,3
BRDA:160,22,1,0
BRDA:185,23,0,1
BRDA:185,23,1,1
BRDA:198,24,0,0
BRDA:198,25,0,0
BRDA:200,26,0,1
BRDA:200,26,1,0
BRDA:204,27,0,1
BRDA:204,27,1,0
BRDA:222,28,0,1
BRDA:222,28,1,0
BRDA:241,29,0,4
BRDA:241,29,1,4
BRDA:247,30,0,3
BRDA:247,30,1,0
BRDA:255,31,0,1
BRDA:255,31,1,1
BRDA:283,32,0,4
BRDA:283,32,1,0
BRDA:284,33,0,4
BRDA:284,33,1,2
BRDA:285,34,0,4
BRDA:285,34,1,3
BRDA:286,35,0,4
BRDA:286,35,1,1
BRDA:294,36,0,0
BRDA:303,37,0,2
BRDA:303,37,1,1
BRF:67
BRH:37
end_of_record
